<?xml version="1.0" encoding="UTF-8"?>
<testng-results ignored="0" total="1" passed="1" failed="0" skipped="0">
  <reporter-output>
  </reporter-output>
  <suite started-at="2024-08-01T11:27:01 SGT" name="TestLexus" finished-at="2024-08-01T11:27:12 SGT" duration-ms="10863">
    <groups>
    </groups>
    <test started-at="2024-08-01T11:27:01 SGT" name="Test" finished-at="2024-08-01T11:27:12 SGT" duration-ms="10863">
      <class name="com.framework.tests.ModelTest">
        <test-method is-config="true" signature="init(org.testng.ITestContext)[pri:0, instance:com.framework.tests.ModelTest@102cec62]" started-at="2024-08-01T11:27:01 SGT" name="init" finished-at="2024-08-01T11:27:01 SGT" duration-ms="26" status="PASS">
          <params>
            <param index="0">
              <value>
                <![CDATA[org.testng.TestRunner@7c2b58c0]]>
              </value>
            </param>
          </params>
          <reporter-output>
          </reporter-output>
        </test-method> <!-- init -->
        <test-method signature="enterTestDriveBookingValuest()[pri:1, instance:com.framework.tests.ModelTest@102cec62]" started-at="2024-08-01T11:27:01 SGT" name="enterTestDriveBookingValuest" finished-at="2024-08-01T11:27:12 SGT" duration-ms="10799" status="PASS">
          <reporter-output>
          </reporter-output>
        </test-method> <!-- enterTestDriveBookingValuest -->
        <test-method is-config="true" signature="wrapUp()[pri:0, instance:com.framework.tests.ModelTest@102cec62]" started-at="2024-08-01T11:27:12 SGT" name="wrapUp" finished-at="2024-08-01T11:27:12 SGT" duration-ms="0" status="PASS">
          <reporter-output>
          </reporter-output>
        </test-method> <!-- wrapUp -->
      </class> <!-- com.framework.tests.ModelTest -->
    </test> <!-- Test -->
  </suite> <!-- TestLexus -->
</testng-results>
